ISim log file
Running: C:\Users\Peter\Desktop\New folder\battleship\battleship_isim_beh.exe -intstyle ise -gui -tclbatch isim.cmd -wdb C:/Users/Peter/Desktop/New folder/battleship/battleship_isim_beh.wdb 
ISim P.40xd (signature 0x7708f090)
WARNING: A WEBPACK license was found.
WARNING: Please use Xilinx License Configuration Manager to check out a full ISim license.
WARNING: ISim will run in Lite mode. Please refer to the ISim documentation for more information on the differences between the Lite and the Full version.
This is a Lite version of ISim.
Time resolution is 1 ps
# onerror resume
# wave add /
# run 1000 ns
Simulator is doing circuit initialization process.
Finished circuit initialization process.
# isim force add /battleship/count1 0 -radix bin
# isim force add /battleship/count2 0 -radix bin
# isim force add /battleship/row0 0 -radix bin
# run 1.00us
# isim force add /battleship/count0 0 -radix bin
# isim force add /battleship/row0 1 -radix bin
# isim force add /battleship/row1 1 -radix bin
# isim force add /battleship/row2 1 -radix bin
# isim force add /battleship/col0 0 -radix bin
# isim force add /battleship/col1 0 -radix bin
# isim force add /battleship/col2 0 -radix bin
# run 1.00us
# run 1.00us
# run 1.00us
# run 1.00us
# isim force add /battleship/col0 1 -radix bin
# isim force add /battleship/col1 1 -radix bin
# isim force add /battleship/col2 1 -radix bin
# run 1.00us
# run 1.00us
# run 1.00us
# run 1.00us
# isim force add /battleship/col2 1 -radix bin
# isim force add /battleship/col1 1 -radix bin
# isim force add /battleship/col0 1 -radix bin
# run 1.00us
# run 1.00us
